[debug] [2021-04-20T19:41:40.119Z] ----------------------------------------------------------------------
[debug] [2021-04-20T19:41:40.122Z] Command:       C:\Program Files\nodejs\node.exe C:\Users\Hakob\AppData\Roaming\npm\node_modules\firebase-tools\lib\bin\firebase.js init hosting
[debug] [2021-04-20T19:41:40.122Z] CLI Version:   9.10.0
[debug] [2021-04-20T19:41:40.122Z] Platform:      win32
[debug] [2021-04-20T19:41:40.123Z] Node Version:  v16.0.0
[debug] [2021-04-20T19:41:40.124Z] Time:          Tue Apr 20 2021 23:41:40 GMT+0400 (Armenia Standard Time)
[debug] [2021-04-20T19:41:40.124Z] ----------------------------------------------------------------------
[debug] 
[debug] [2021-04-20T19:41:40.130Z] > command requires scopes: ["email","openid","https://www.googleapis.com/auth/cloudplatformprojects.readonly","https://www.googleapis.com/auth/firebase","https://www.googleapis.com/auth/cloud-platform"]
[debug] [2021-04-20T19:41:40.130Z] > authorizing via signed-in user (hakob.araqelyan.212@gmail.com)
[info] 
     ######## #### ########  ######## ########     ###     ######  ########
     ##        ##  ##     ## ##       ##     ##  ##   ##  ##       ##
     ######    ##  ########  ######   ########  #########  ######  ######
     ##        ##  ##    ##  ##       ##     ## ##     ##       ## ##
     ##       #### ##     ## ######## ########  ##     ##  ######  ########

You're about to initialize a Firebase project in this directory:

  d:\HKE\Lesson All\Test Arlis.am

[info] 
=== Project Setup
[info] 
[info] First, let's associate this project directory with a Firebase project.
[info] You can create multiple project aliases by running firebase use --add, 
[info] but for now we'll just set up a default project.
[info] 
